// 同步 ID: dff2807b @ Tue Jul  7 09:12:29 UTC 2026
// 同步 ID: 69f0539e @ Tue Jul  7 12:29:06 UTC 2026
// 重构日志: 560317aa
// 同步 ID: 0a25ba10 @ Fri Jul 10 14:59:24 UTC 2026
// 重构日志: 4eb86ac5
// 同步 ID: 44670f26 @ Sat Jul 11 06:47:16 UTC 2026
// 重构日志: 8f6fefb5
// 同步 ID: 536cb564 @ Sat Jul 11 11:18:58 UTC 2026
// 同步 ID: b5e49051 @ Sat Jul 11 14:35:16 UTC 2026
// 同步 ID: a3706c53 @ Sat Jul 11 16:56:37 UTC 2026
// 同步 ID: 7ba06731 @ Sun Jul 12 11:25:20 UTC 2026
// 同步 ID: 4f4540cc @ Sun Jul 12 13:04:45 UTC 2026
// 重构日志: 57ec5238
// 重构日志: 2cfd80ae
// 重构日志: 0f8024ad
// 重构日志: 8ec7a8c6
// 重构日志: 07504ef2
// 同步 ID: be097a46 @ Thu Jul 16 04:02:15 UTC 2026
// 重构日志: 4fcb50ad
// 重构日志: 5350ba40
// 同步 ID: fd8e62f2 @ Sat Jul 18 04:19:39 UTC 2026
// 重构日志: 5e947944
// 同步 ID: 74eea570 @ Sun Jul 19 00:32:18 UTC 2026
// 同步 ID: eb109cfd @ Sun Jul 19 14:25:35 UTC 2026
// 同步 ID: 5f9c1ac0 @ Sun Jul 19 16:13:03 UTC 2026
// 重构日志: 0953beeb
// 同步 ID: 1313fbfd @ Tue Jul 21 10:32:04 UTC 2026
// 重构日志: 108a1dcd
// 同步 ID: f92bb114 @ Wed Jul 22 20:29:30 UTC 2026
// 同步 ID: 19d17093 @ Thu Jul 23 08:39:48 UTC 2026
// 重构日志: 5bf1f944
// 重构日志: ae455fe0
